2022-01-21 16:06:43,689 [restartedMain] INFO  com.radiant.employee.EmployeeApplication           - Starting EmployeeApplication using Java 11.0.14 on SriAnshika with PID 9832 (C:\Users\sriwo\IdeaProjects\employee\target\classes started by sriwo in C:\Users\sriwo\IdeaProjects\employee)
2022-01-21 16:06:43,689 [restartedMain] INFO  com.radiant.employee.EmployeeApplication           - No active profile set, falling back to default profiles: default
2022-01-21 16:06:43,971 [restartedMain] INFO  o.s.b.w.embedded.tomcat.TomcatWebServer            - Tomcat initialized with port(s): 8080 (http)
2022-01-21 16:06:43,973 [restartedMain] INFO  org.apache.catalina.core.StandardService           - Starting service [Tomcat]
2022-01-21 16:06:43,974 [restartedMain] INFO  org.apache.catalina.core.StandardEngine            - Starting Servlet engine: [Apache Tomcat/9.0.56]
2022-01-21 16:06:44,004 [restartedMain] INFO  o.a.c.c.C.[Tomcat].[localhost].[/]                 - Initializing Spring embedded WebApplicationContext
2022-01-21 16:06:44,005 [restartedMain] INFO  o.s.b.w.s.c.ServletWebServerApplicationContext     - Root WebApplicationContext: initialization completed in 313 ms
2022-01-21 16:06:44,115 [restartedMain] INFO  o.s.b.a.w.s.WelcomePageHandlerMapping              - Adding welcome page: class path resource [static/index.html]
2022-01-21 16:06:44,175 [restartedMain] INFO  o.s.b.d.a.OptionalLiveReloadServer                 - LiveReload server is running on port 35729
2022-01-21 16:06:44,188 [restartedMain] INFO  o.s.b.w.embedded.tomcat.TomcatWebServer            - Tomcat started on port(s): 8080 (http) with context path ''
2022-01-21 16:06:44,194 [restartedMain] INFO  com.radiant.employee.EmployeeApplication           - Started EmployeeApplication in 0.701 seconds (JVM running for 939.705)
2022-01-21 16:06:44,201 [restartedMain] INFO  o.s.b.d.a.ConditionEvaluationDeltaLoggingListener  - Condition evaluation delta:


==========================
CONDITION EVALUATION DELTA
==========================


Positive matches:
-----------------

    None


Negative matches:
-----------------

    None


Exclusions:
-----------

    org.springframework.boot.autoconfigure.web.servlet.error.ErrorMvcAutoConfiguration


Unconditional classes:
----------------------

    None



2022-01-21 16:06:45,910 [restartedMain] INFO  com.radiant.employee.EmployeeApplication           - Starting EmployeeApplication using Java 11.0.14 on SriAnshika with PID 9832 (C:\Users\sriwo\IdeaProjects\employee\target\classes started by sriwo in C:\Users\sriwo\IdeaProjects\employee)
2022-01-21 16:06:45,910 [restartedMain] INFO  com.radiant.employee.EmployeeApplication           - No active profile set, falling back to default profiles: default
2022-01-21 16:06:46,055 [restartedMain] INFO  o.s.b.w.embedded.tomcat.TomcatWebServer            - Tomcat initialized with port(s): 8080 (http)
2022-01-21 16:06:46,056 [restartedMain] INFO  org.apache.catalina.core.StandardService           - Starting service [Tomcat]
2022-01-21 16:06:46,056 [restartedMain] INFO  org.apache.catalina.core.StandardEngine            - Starting Servlet engine: [Apache Tomcat/9.0.56]
2022-01-21 16:06:46,068 [restartedMain] INFO  o.a.c.c.C.[Tomcat].[localhost].[/]                 - Initializing Spring embedded WebApplicationContext
2022-01-21 16:06:46,068 [restartedMain] INFO  o.s.b.w.s.c.ServletWebServerApplicationContext     - Root WebApplicationContext: initialization completed in 155 ms
2022-01-21 16:06:46,125 [restartedMain] INFO  o.s.b.a.w.s.WelcomePageHandlerMapping              - Adding welcome page: class path resource [static/index.html]
2022-01-21 16:06:46,162 [restartedMain] INFO  o.s.b.d.a.OptionalLiveReloadServer                 - LiveReload server is running on port 35729
2022-01-21 16:06:46,170 [restartedMain] INFO  o.s.b.w.embedded.tomcat.TomcatWebServer            - Tomcat started on port(s): 8080 (http) with context path ''
2022-01-21 16:06:46,174 [restartedMain] INFO  com.radiant.employee.EmployeeApplication           - Started EmployeeApplication in 0.296 seconds (JVM running for 941.685)
2022-01-21 16:06:46,175 [restartedMain] INFO  o.s.b.d.a.ConditionEvaluationDeltaLoggingListener  - Condition evaluation unchanged
2022-01-21 16:07:26,438 [http-nio-8080-exec-1] INFO  o.a.c.c.C.[Tomcat].[localhost].[/]                 - Initializing Spring DispatcherServlet 'dispatcherServlet'
2022-01-21 16:07:26,440 [http-nio-8080-exec-1] INFO  o.s.web.servlet.DispatcherServlet                  - Initializing Servlet 'dispatcherServlet'
2022-01-21 16:07:26,440 [http-nio-8080-exec-1] INFO  o.s.web.servlet.DispatcherServlet                  - Completed initialization in 0 ms
2022-01-21 16:08:27,931 [restartedMain] INFO  com.radiant.employee.EmployeeApplication           - Starting EmployeeApplication using Java 11.0.14 on SriAnshika with PID 9832 (C:\Users\sriwo\IdeaProjects\employee\target\classes started by sriwo in C:\Users\sriwo\IdeaProjects\employee)
2022-01-21 16:08:27,931 [restartedMain] INFO  com.radiant.employee.EmployeeApplication           - No active profile set, falling back to default profiles: default
2022-01-21 16:08:28,192 [restartedMain] INFO  o.s.b.w.embedded.tomcat.TomcatWebServer            - Tomcat initialized with port(s): 8080 (http)
2022-01-21 16:08:28,194 [restartedMain] INFO  org.apache.catalina.core.StandardService           - Starting service [Tomcat]
2022-01-21 16:08:28,195 [restartedMain] INFO  org.apache.catalina.core.StandardEngine            - Starting Servlet engine: [Apache Tomcat/9.0.56]
2022-01-21 16:08:28,212 [restartedMain] INFO  o.a.c.c.C.[Tomcat].[localhost].[/]                 - Initializing Spring embedded WebApplicationContext
2022-01-21 16:08:28,212 [restartedMain] INFO  o.s.b.w.s.c.ServletWebServerApplicationContext     - Root WebApplicationContext: initialization completed in 277 ms
2022-01-21 16:08:28,298 [restartedMain] INFO  o.s.b.a.w.s.WelcomePageHandlerMapping              - Adding welcome page: class path resource [static/index.html]
2022-01-21 16:08:28,351 [restartedMain] INFO  o.s.b.d.a.OptionalLiveReloadServer                 - LiveReload server is running on port 35729
2022-01-21 16:08:28,362 [restartedMain] INFO  o.s.b.w.embedded.tomcat.TomcatWebServer            - Tomcat started on port(s): 8080 (http) with context path ''
2022-01-21 16:08:28,365 [restartedMain] INFO  com.radiant.employee.EmployeeApplication           - Started EmployeeApplication in 0.492 seconds (JVM running for 1043.876)
2022-01-21 16:08:28,370 [restartedMain] INFO  o.s.b.d.a.ConditionEvaluationDeltaLoggingListener  - Condition evaluation unchanged
2022-01-21 16:08:29,728 [http-nio-8080-exec-1] INFO  o.a.c.c.C.[Tomcat].[localhost].[/]                 - Initializing Spring DispatcherServlet 'dispatcherServlet'
2022-01-21 16:08:29,729 [http-nio-8080-exec-1] INFO  o.s.web.servlet.DispatcherServlet                  - Initializing Servlet 'dispatcherServlet'
2022-01-21 16:08:29,729 [http-nio-8080-exec-1] INFO  o.s.web.servlet.DispatcherServlet                  - Completed initialization in 0 ms
2022-01-21 16:08:30,314 [restartedMain] INFO  com.radiant.employee.EmployeeApplication           - Starting EmployeeApplication using Java 11.0.14 on SriAnshika with PID 9832 (C:\Users\sriwo\IdeaProjects\employee\target\classes started by sriwo in C:\Users\sriwo\IdeaProjects\employee)
2022-01-21 16:08:30,315 [restartedMain] INFO  com.radiant.employee.EmployeeApplication           - No active profile set, falling back to default profiles: default
2022-01-21 16:08:30,511 [restartedMain] INFO  o.s.b.w.embedded.tomcat.TomcatWebServer            - Tomcat initialized with port(s): 8080 (http)
2022-01-21 16:08:30,512 [restartedMain] INFO  org.apache.catalina.core.StandardService           - Starting service [Tomcat]
2022-01-21 16:08:30,512 [restartedMain] INFO  org.apache.catalina.core.StandardEngine            - Starting Servlet engine: [Apache Tomcat/9.0.56]
2022-01-21 16:08:30,527 [restartedMain] INFO  o.a.c.c.C.[Tomcat].[localhost].[/]                 - Initializing Spring embedded WebApplicationContext
2022-01-21 16:08:30,527 [restartedMain] INFO  o.s.b.w.s.c.ServletWebServerApplicationContext     - Root WebApplicationContext: initialization completed in 209 ms
2022-01-21 16:08:30,585 [restartedMain] INFO  o.s.b.a.w.s.WelcomePageHandlerMapping              - Adding welcome page: class path resource [static/index.html]
2022-01-21 16:08:30,602 [restartedMain] INFO  o.s.b.d.a.OptionalLiveReloadServer                 - LiveReload server is running on port 35729
2022-01-21 16:08:30,607 [restartedMain] INFO  o.s.b.w.embedded.tomcat.TomcatWebServer            - Tomcat started on port(s): 8080 (http) with context path ''
2022-01-21 16:08:30,611 [restartedMain] INFO  com.radiant.employee.EmployeeApplication           - Started EmployeeApplication in 0.356 seconds (JVM running for 1046.121)
2022-01-21 16:08:30,612 [restartedMain] INFO  o.s.b.d.a.ConditionEvaluationDeltaLoggingListener  - Condition evaluation unchanged
2022-01-21 16:08:31,242 [http-nio-8080-exec-1] INFO  o.a.c.c.C.[Tomcat].[localhost].[/]                 - Initializing Spring DispatcherServlet 'dispatcherServlet'
2022-01-21 16:08:31,244 [http-nio-8080-exec-1] INFO  o.s.web.servlet.DispatcherServlet                  - Initializing Servlet 'dispatcherServlet'
2022-01-21 16:08:31,244 [http-nio-8080-exec-1] INFO  o.s.web.servlet.DispatcherServlet                  - Completed initialization in 0 ms
2022-01-21 16:09:31,431 [restartedMain] INFO  com.radiant.employee.EmployeeApplication           - Starting EmployeeApplication using Java 11.0.14 on SriAnshika with PID 9832 (C:\Users\sriwo\IdeaProjects\employee\target\classes started by sriwo in C:\Users\sriwo\IdeaProjects\employee)
2022-01-21 16:09:31,432 [restartedMain] INFO  com.radiant.employee.EmployeeApplication           - No active profile set, falling back to default profiles: default
2022-01-21 16:09:31,880 [restartedMain] INFO  o.s.b.w.embedded.tomcat.TomcatWebServer            - Tomcat initialized with port(s): 8080 (http)
2022-01-21 16:09:31,881 [restartedMain] INFO  org.apache.catalina.core.StandardService           - Starting service [Tomcat]
2022-01-21 16:09:31,881 [restartedMain] INFO  org.apache.catalina.core.StandardEngine            - Starting Servlet engine: [Apache Tomcat/9.0.56]
2022-01-21 16:09:31,909 [restartedMain] INFO  o.a.c.c.C.[Tomcat].[localhost].[/]                 - Initializing Spring embedded WebApplicationContext
2022-01-21 16:09:31,909 [restartedMain] INFO  o.s.b.w.s.c.ServletWebServerApplicationContext     - Root WebApplicationContext: initialization completed in 474 ms
2022-01-21 16:09:32,002 [restartedMain] INFO  o.s.b.a.w.s.WelcomePageHandlerMapping              - Adding welcome page: class path resource [static/index.html]
2022-01-21 16:09:32,039 [restartedMain] INFO  o.s.b.d.a.OptionalLiveReloadServer                 - LiveReload server is running on port 35729
2022-01-21 16:09:32,050 [restartedMain] INFO  o.s.b.w.embedded.tomcat.TomcatWebServer            - Tomcat started on port(s): 8080 (http) with context path ''
2022-01-21 16:09:32,056 [restartedMain] INFO  com.radiant.employee.EmployeeApplication           - Started EmployeeApplication in 0.681 seconds (JVM running for 1107.567)
2022-01-21 16:09:32,058 [restartedMain] INFO  o.s.b.d.a.ConditionEvaluationDeltaLoggingListener  - Condition evaluation unchanged
2022-01-21 16:09:33,814 [restartedMain] INFO  com.radiant.employee.EmployeeApplication           - Starting EmployeeApplication using Java 11.0.14 on SriAnshika with PID 9832 (C:\Users\sriwo\IdeaProjects\employee\target\classes started by sriwo in C:\Users\sriwo\IdeaProjects\employee)
2022-01-21 16:09:33,814 [restartedMain] INFO  com.radiant.employee.EmployeeApplication           - No active profile set, falling back to default profiles: default
2022-01-21 16:09:34,016 [restartedMain] INFO  o.s.b.w.embedded.tomcat.TomcatWebServer            - Tomcat initialized with port(s): 8080 (http)
2022-01-21 16:09:34,017 [restartedMain] INFO  org.apache.catalina.core.StandardService           - Starting service [Tomcat]
2022-01-21 16:09:34,017 [restartedMain] INFO  org.apache.catalina.core.StandardEngine            - Starting Servlet engine: [Apache Tomcat/9.0.56]
2022-01-21 16:09:34,029 [restartedMain] INFO  o.a.c.c.C.[Tomcat].[localhost].[/]                 - Initializing Spring embedded WebApplicationContext
2022-01-21 16:09:34,030 [restartedMain] INFO  o.s.b.w.s.c.ServletWebServerApplicationContext     - Root WebApplicationContext: initialization completed in 214 ms
2022-01-21 16:09:34,085 [restartedMain] INFO  o.s.b.a.w.s.WelcomePageHandlerMapping              - Adding welcome page: class path resource [static/index.html]
2022-01-21 16:09:34,117 [restartedMain] INFO  o.s.b.d.a.OptionalLiveReloadServer                 - LiveReload server is running on port 35729
2022-01-21 16:09:34,123 [restartedMain] INFO  o.s.b.w.embedded.tomcat.TomcatWebServer            - Tomcat started on port(s): 8080 (http) with context path ''
2022-01-21 16:09:34,128 [restartedMain] INFO  com.radiant.employee.EmployeeApplication           - Started EmployeeApplication in 0.339 seconds (JVM running for 1109.638)
2022-01-21 16:09:34,129 [restartedMain] INFO  o.s.b.d.a.ConditionEvaluationDeltaLoggingListener  - Condition evaluation unchanged
2022-01-21 16:09:34,799 [http-nio-8080-exec-1] INFO  o.a.c.c.C.[Tomcat].[localhost].[/]                 - Initializing Spring DispatcherServlet 'dispatcherServlet'
2022-01-21 16:09:34,800 [http-nio-8080-exec-1] INFO  o.s.web.servlet.DispatcherServlet                  - Initializing Servlet 'dispatcherServlet'
2022-01-21 16:09:34,801 [http-nio-8080-exec-1] INFO  o.s.web.servlet.DispatcherServlet                  - Completed initialization in 1 ms
2022-01-21 16:11:38,238 [restartedMain] INFO  com.radiant.employee.EmployeeApplication           - Starting EmployeeApplication using Java 11.0.14 on SriAnshika with PID 9832 (C:\Users\sriwo\IdeaProjects\employee\target\classes started by sriwo in C:\Users\sriwo\IdeaProjects\employee)
2022-01-21 16:11:38,239 [restartedMain] INFO  com.radiant.employee.EmployeeApplication           - No active profile set, falling back to default profiles: default
2022-01-21 16:11:38,764 [restartedMain] INFO  o.s.b.w.embedded.tomcat.TomcatWebServer            - Tomcat initialized with port(s): 8080 (http)
2022-01-21 16:11:38,765 [restartedMain] INFO  org.apache.catalina.core.StandardService           - Starting service [Tomcat]
2022-01-21 16:11:38,765 [restartedMain] INFO  org.apache.catalina.core.StandardEngine            - Starting Servlet engine: [Apache Tomcat/9.0.56]
2022-01-21 16:11:38,784 [restartedMain] INFO  o.a.c.c.C.[Tomcat].[localhost].[/]                 - Initializing Spring embedded WebApplicationContext
2022-01-21 16:11:38,784 [restartedMain] INFO  o.s.b.w.s.c.ServletWebServerApplicationContext     - Root WebApplicationContext: initialization completed in 527 ms
2022-01-21 16:11:38,928 [restartedMain] INFO  o.s.b.a.w.s.WelcomePageHandlerMapping              - Adding welcome page: class path resource [static/index.html]
2022-01-21 16:11:39,007 [restartedMain] INFO  o.s.b.d.a.OptionalLiveReloadServer                 - LiveReload server is running on port 35729
2022-01-21 16:11:39,022 [restartedMain] INFO  o.s.b.w.embedded.tomcat.TomcatWebServer            - Tomcat started on port(s): 8080 (http) with context path ''
2022-01-21 16:11:39,032 [restartedMain] INFO  com.radiant.employee.EmployeeApplication           - Started EmployeeApplication in 0.886 seconds (JVM running for 1234.542)
2022-01-21 16:11:39,035 [restartedMain] INFO  o.s.b.d.a.ConditionEvaluationDeltaLoggingListener  - Condition evaluation unchanged
2022-01-21 16:11:40,820 [restartedMain] INFO  com.radiant.employee.EmployeeApplication           - Starting EmployeeApplication using Java 11.0.14 on SriAnshika with PID 9832 (C:\Users\sriwo\IdeaProjects\employee\target\classes started by sriwo in C:\Users\sriwo\IdeaProjects\employee)
2022-01-21 16:11:40,820 [restartedMain] INFO  com.radiant.employee.EmployeeApplication           - No active profile set, falling back to default profiles: default
2022-01-21 16:11:40,987 [restartedMain] INFO  o.s.b.w.embedded.tomcat.TomcatWebServer            - Tomcat initialized with port(s): 8080 (http)
2022-01-21 16:11:40,988 [restartedMain] INFO  org.apache.catalina.core.StandardService           - Starting service [Tomcat]
2022-01-21 16:11:40,989 [restartedMain] INFO  org.apache.catalina.core.StandardEngine            - Starting Servlet engine: [Apache Tomcat/9.0.56]
2022-01-21 16:11:41,004 [restartedMain] INFO  o.a.c.c.C.[Tomcat].[localhost].[/]                 - Initializing Spring embedded WebApplicationContext
2022-01-21 16:11:41,004 [restartedMain] INFO  o.s.b.w.s.c.ServletWebServerApplicationContext     - Root WebApplicationContext: initialization completed in 182 ms
2022-01-21 16:11:41,059 [restartedMain] INFO  o.s.b.a.w.s.WelcomePageHandlerMapping              - Adding welcome page: class path resource [static/index.html]
2022-01-21 16:11:41,082 [restartedMain] INFO  o.s.b.d.a.OptionalLiveReloadServer                 - LiveReload server is running on port 35729
2022-01-21 16:11:41,092 [restartedMain] INFO  o.s.b.w.embedded.tomcat.TomcatWebServer            - Tomcat started on port(s): 8080 (http) with context path ''
2022-01-21 16:11:41,097 [restartedMain] INFO  com.radiant.employee.EmployeeApplication           - Started EmployeeApplication in 0.314 seconds (JVM running for 1236.608)
2022-01-21 16:11:41,099 [restartedMain] INFO  o.s.b.d.a.ConditionEvaluationDeltaLoggingListener  - Condition evaluation unchanged
2022-01-21 16:11:41,576 [http-nio-8080-exec-1] INFO  o.a.c.c.C.[Tomcat].[localhost].[/]                 - Initializing Spring DispatcherServlet 'dispatcherServlet'
2022-01-21 16:11:41,576 [http-nio-8080-exec-1] INFO  o.s.web.servlet.DispatcherServlet                  - Initializing Servlet 'dispatcherServlet'
2022-01-21 16:11:41,577 [http-nio-8080-exec-1] INFO  o.s.web.servlet.DispatcherServlet                  - Completed initialization in 1 ms
2022-01-21 16:11:47,413 [http-nio-8080-exec-7] WARN  o.s.w.s.m.s.DefaultHandlerExceptionResolver        - Resolved [org.springframework.web.HttpMediaTypeNotSupportedException: Content type 'multipart/form-data;boundary=----WebKitFormBoundaryrjbJUXLWiigByTnC' not supported]
2022-01-21 16:12:25,038 [restartedMain] INFO  com.radiant.employee.EmployeeApplication           - Starting EmployeeApplication using Java 11.0.14 on SriAnshika with PID 9832 (C:\Users\sriwo\IdeaProjects\employee\target\classes started by sriwo in C:\Users\sriwo\IdeaProjects\employee)
2022-01-21 16:12:25,039 [restartedMain] INFO  com.radiant.employee.EmployeeApplication           - No active profile set, falling back to default profiles: default
2022-01-21 16:12:25,335 [restartedMain] INFO  o.s.b.w.embedded.tomcat.TomcatWebServer            - Tomcat initialized with port(s): 8080 (http)
2022-01-21 16:12:25,336 [restartedMain] INFO  org.apache.catalina.core.StandardService           - Starting service [Tomcat]
2022-01-21 16:12:25,336 [restartedMain] INFO  org.apache.catalina.core.StandardEngine            - Starting Servlet engine: [Apache Tomcat/9.0.56]
2022-01-21 16:12:25,356 [restartedMain] INFO  o.a.c.c.C.[Tomcat].[localhost].[/]                 - Initializing Spring embedded WebApplicationContext
2022-01-21 16:12:25,356 [restartedMain] INFO  o.s.b.w.s.c.ServletWebServerApplicationContext     - Root WebApplicationContext: initialization completed in 310 ms
2022-01-21 16:12:25,460 [restartedMain] INFO  o.s.b.a.w.s.WelcomePageHandlerMapping              - Adding welcome page: class path resource [static/index.html]
2022-01-21 16:12:25,496 [restartedMain] INFO  o.s.b.d.a.OptionalLiveReloadServer                 - LiveReload server is running on port 35729
2022-01-21 16:12:25,503 [restartedMain] INFO  o.s.b.w.embedded.tomcat.TomcatWebServer            - Tomcat started on port(s): 8080 (http) with context path ''
2022-01-21 16:12:25,507 [restartedMain] INFO  com.radiant.employee.EmployeeApplication           - Started EmployeeApplication in 0.543 seconds (JVM running for 1281.018)
2022-01-21 16:12:25,509 [restartedMain] INFO  o.s.b.d.a.ConditionEvaluationDeltaLoggingListener  - Condition evaluation unchanged
2022-01-21 16:12:25,690 [http-nio-8080-exec-1] INFO  o.a.c.c.C.[Tomcat].[localhost].[/]                 - Initializing Spring DispatcherServlet 'dispatcherServlet'
2022-01-21 16:12:25,690 [http-nio-8080-exec-1] INFO  o.s.web.servlet.DispatcherServlet                  - Initializing Servlet 'dispatcherServlet'
2022-01-21 16:12:25,691 [http-nio-8080-exec-1] INFO  o.s.web.servlet.DispatcherServlet                  - Completed initialization in 0 ms
2022-01-21 16:12:27,264 [restartedMain] INFO  com.radiant.employee.EmployeeApplication           - Starting EmployeeApplication using Java 11.0.14 on SriAnshika with PID 9832 (C:\Users\sriwo\IdeaProjects\employee\target\classes started by sriwo in C:\Users\sriwo\IdeaProjects\employee)
2022-01-21 16:12:27,264 [restartedMain] INFO  com.radiant.employee.EmployeeApplication           - No active profile set, falling back to default profiles: default
2022-01-21 16:12:27,434 [restartedMain] INFO  o.s.b.w.embedded.tomcat.TomcatWebServer            - Tomcat initialized with port(s): 8080 (http)
2022-01-21 16:12:27,435 [restartedMain] INFO  org.apache.catalina.core.StandardService           - Starting service [Tomcat]
2022-01-21 16:12:27,435 [restartedMain] INFO  org.apache.catalina.core.StandardEngine            - Starting Servlet engine: [Apache Tomcat/9.0.56]
2022-01-21 16:12:27,447 [restartedMain] INFO  o.a.c.c.C.[Tomcat].[localhost].[/]                 - Initializing Spring embedded WebApplicationContext
2022-01-21 16:12:27,447 [restartedMain] INFO  o.s.b.w.s.c.ServletWebServerApplicationContext     - Root WebApplicationContext: initialization completed in 181 ms
2022-01-21 16:12:27,504 [restartedMain] INFO  o.s.b.a.w.s.WelcomePageHandlerMapping              - Adding welcome page: class path resource [static/index.html]
2022-01-21 16:12:27,545 [restartedMain] INFO  o.s.b.d.a.OptionalLiveReloadServer                 - LiveReload server is running on port 35729
2022-01-21 16:12:27,555 [restartedMain] INFO  o.s.b.w.embedded.tomcat.TomcatWebServer            - Tomcat started on port(s): 8080 (http) with context path ''
2022-01-21 16:12:27,558 [restartedMain] INFO  com.radiant.employee.EmployeeApplication           - Started EmployeeApplication in 0.325 seconds (JVM running for 1283.07)
2022-01-21 16:12:27,560 [restartedMain] INFO  o.s.b.d.a.ConditionEvaluationDeltaLoggingListener  - Condition evaluation unchanged
2022-01-21 16:12:27,672 [http-nio-8080-exec-1] INFO  o.a.c.c.C.[Tomcat].[localhost].[/]                 - Initializing Spring DispatcherServlet 'dispatcherServlet'
2022-01-21 16:12:27,672 [http-nio-8080-exec-1] INFO  o.s.web.servlet.DispatcherServlet                  - Initializing Servlet 'dispatcherServlet'
2022-01-21 16:12:27,673 [http-nio-8080-exec-1] INFO  o.s.web.servlet.DispatcherServlet                  - Completed initialization in 1 ms
2022-01-21 16:12:34,284 [http-nio-8080-exec-5] WARN  o.s.w.s.m.s.DefaultHandlerExceptionResolver        - Resolved [org.springframework.web.HttpMediaTypeNotSupportedException: Content type 'application/x-www-form-urlencoded' not supported]
